Using pre-set license
Built from '2021.3/staging' branch; Version is '2021.3.13f1 (9e7d58001ecf) revision 10386776'; Using compiler version '192829333'; Build Type 'Release'
OS: 'Windows 11  (10.0.22621) 64bit Core' Language: 'en' Physical Memory: 16211 MB
BatchMode: 1, IsHumanControllingUs: 0, StartBugReporterOnCrash: 0, Is64bit: 1, IsPro: 1

COMMAND LINE ARGUMENTS:
C:\Program Files\Unity\Hub\Editor\2021.3.13f1\Editor\Unity.exe
-adb2
-batchMode
-noUpm
-name
AssetImportWorker4
-projectPath
D:/Games/PrototypeA
-logFile
Logs/AssetImportWorker4.log
-srvPort
56554
Successfully changed project path to: D:/Games/PrototypeA
D:/Games/PrototypeA
[UnityMemory] Configuration Parameters - Can be set up in boot.config
    "memorysetup-bucket-allocator-granularity=16"
    "memorysetup-bucket-allocator-bucket-count=8"
    "memorysetup-bucket-allocator-block-size=33554432"
    "memorysetup-bucket-allocator-block-count=8"
    "memorysetup-main-allocator-block-size=16777216"
    "memorysetup-thread-allocator-block-size=16777216"
    "memorysetup-gfx-main-allocator-block-size=16777216"
    "memorysetup-gfx-thread-allocator-block-size=16777216"
    "memorysetup-cache-allocator-block-size=4194304"
    "memorysetup-typetree-allocator-block-size=2097152"
    "memorysetup-profiler-bucket-allocator-granularity=16"
    "memorysetup-profiler-bucket-allocator-bucket-count=8"
    "memorysetup-profiler-bucket-allocator-block-size=33554432"
    "memorysetup-profiler-bucket-allocator-block-count=8"
    "memorysetup-profiler-allocator-block-size=16777216"
    "memorysetup-profiler-editor-allocator-block-size=1048576"
    "memorysetup-temp-allocator-size-main=16777216"
    "memorysetup-job-temp-allocator-block-size=2097152"
    "memorysetup-job-temp-allocator-block-size-background=1048576"
    "memorysetup-job-temp-allocator-reduction-small-platforms=262144"
    "memorysetup-temp-allocator-size-background-worker=32768"
    "memorysetup-temp-allocator-size-job-worker=262144"
    "memorysetup-temp-allocator-size-preload-manager=33554432"
    "memorysetup-temp-allocator-size-nav-mesh-worker=65536"
    "memorysetup-temp-allocator-size-audio-worker=65536"
    "memorysetup-temp-allocator-size-cloud-worker=32768"
    "memorysetup-temp-allocator-size-gi-baking-worker=262144"
    "memorysetup-temp-allocator-size-gfx=262144"
Refreshing native plugins compatible for Editor in 110.31 ms, found 3 plugins.
Preloading 0 native plugins for Editor in 0.00 ms.
Initialize engine version: 2021.3.13f1 (9e7d58001ecf)
[Subsystems] Discovering subsystems at path C:/Program Files/Unity/Hub/Editor/2021.3.13f1/Editor/Data/Resources/UnitySubsystems
[Subsystems] Discovering subsystems at path D:/Games/PrototypeA/Assets
GfxDevice: creating device client; threaded=0; jobified=0
Direct3D:
    Version:  Direct3D 11.0 [level 11.1]
    Renderer: NVIDIA GeForce GTX 1060 with Max-Q Design (ID=0x1c20)
    Vendor:   NVIDIA
    VRAM:     6052 MB
    Driver:   30.0.15.1215
Initialize mono
Mono path[0] = 'C:/Program Files/Unity/Hub/Editor/2021.3.13f1/Editor/Data/Managed'
Mono path[1] = 'C:/Program Files/Unity/Hub/Editor/2021.3.13f1/Editor/Data/MonoBleedingEdge/lib/mono/unityjit-win32'
Mono config path = 'C:/Program Files/Unity/Hub/Editor/2021.3.13f1/Editor/Data/MonoBleedingEdge/etc'
Using monoOptions --debugger-agent=transport=dt_socket,embedding=1,server=y,suspend=n,address=127.0.0.1:56016
Begin MonoManager ReloadAssembly
Registering precompiled unity dll's ...
Register platform support module: C:/Program Files/Unity/Hub/Editor/2021.3.13f1/Editor/Data/PlaybackEngines/WebGLSupport/UnityEditor.WebGL.Extensions.dll
Register platform support module: C:/Program Files/Unity/Hub/Editor/2021.3.13f1/Editor/Data/PlaybackEngines/WindowsStandaloneSupport/UnityEditor.WindowsStandalone.Extensions.dll
Registered in 0.006154 seconds.
Native extension for WindowsStandalone target not found
Native extension for WebGL target not found
Refreshing native plugins compatible for Editor in 91.40 ms, found 3 plugins.
Preloading 0 native plugins for Editor in 0.00 ms.
Mono: successfully reloaded assembly
- Completed reload, in  0.745 seconds
Domain Reload Profiling:
	ReloadAssembly (746ms)
		BeginReloadAssembly (96ms)
			ExecutionOrderSort (0ms)
			DisableScriptedObjects (0ms)
			BackupInstance (0ms)
			ReleaseScriptingObjects (0ms)
			CreateAndSetChildDomain (1ms)
		EndReloadAssembly (517ms)
			LoadAssemblies (93ms)
			RebuildTransferFunctionScriptingTraits (0ms)
			SetupTypeCache (120ms)
			ReleaseScriptCaches (0ms)
			RebuildScriptCaches (38ms)
			SetupLoadedEditorAssemblies (304ms)
				LogAssemblyErrors (0ms)
				InitializePlatformSupportModulesInManaged (9ms)
				SetLoadedEditorAssemblies (0ms)
				RefreshPlugins (92ms)
				BeforeProcessingInitializeOnLoad (1ms)
				ProcessInitializeOnLoadAttributes (152ms)
				ProcessInitializeOnLoadMethodAttributes (50ms)
				AfterProcessingInitializeOnLoad (0ms)
				EditorAssembliesLoaded (0ms)
			ExecutionOrderSort2 (0ms)
			AwakeInstancesAfterBackupRestoration (0ms)
Platform modules already initialized, skipping
Registering precompiled user dll's ...
Registered in 0.004329 seconds.
Begin MonoManager ReloadAssembly
Symbol file LoadedFromMemory doesn't match image D:\Games\PrototypeA\Library\PackageCache\com.unity.visualscripting@1.7.8\Editor\VisualScripting.Core\Dependencies\YamlDotNet\Unity.VisualScripting.YamlDotNet.dll
Symbol file LoadedFromMemory doesn't match image D:\Games\PrototypeA\Library\PackageCache\com.unity.visualscripting@1.7.8\Editor\VisualScripting.Core\Dependencies\DotNetZip\Unity.VisualScripting.IonicZip.dll
Native extension for WindowsStandalone target not found
Native extension for WebGL target not found
Refreshing native plugins compatible for Editor in 0.60 ms, found 3 plugins.
Preloading 0 native plugins for Editor in 0.00 ms.
Mono: successfully reloaded assembly
- Completed reload, in  1.087 seconds
Domain Reload Profiling:
	ReloadAssembly (1088ms)
		BeginReloadAssembly (114ms)
			ExecutionOrderSort (0ms)
			DisableScriptedObjects (7ms)
			BackupInstance (0ms)
			ReleaseScriptingObjects (0ms)
			CreateAndSetChildDomain (21ms)
		EndReloadAssembly (854ms)
			LoadAssemblies (82ms)
			RebuildTransferFunctionScriptingTraits (0ms)
			SetupTypeCache (295ms)
			ReleaseScriptCaches (1ms)
			RebuildScriptCaches (53ms)
			SetupLoadedEditorAssemblies (385ms)
				LogAssemblyErrors (0ms)
				InitializePlatformSupportModulesInManaged (7ms)
				SetLoadedEditorAssemblies (0ms)
				RefreshPlugins (1ms)
				BeforeProcessingInitializeOnLoad (89ms)
				ProcessInitializeOnLoadAttributes (250ms)
				ProcessInitializeOnLoadMethodAttributes (31ms)
				AfterProcessingInitializeOnLoad (7ms)
				EditorAssembliesLoaded (0ms)
			ExecutionOrderSort2 (0ms)
			AwakeInstancesAfterBackupRestoration (7ms)
Platform modules already initialized, skipping
========================================================================
Worker process is ready to serve import requests
Launched and connected shader compiler UnityShaderCompiler.exe after 0.71 seconds
Refreshing native plugins compatible for Editor in 1.10 ms, found 3 plugins.
Preloading 0 native plugins for Editor in 0.00 ms.
Unloading 3351 Unused Serialized files (Serialized files now loaded: 0)
Unloading 27 unused Assets / (113.7 KB). Loaded Objects now: 3825.
Memory consumption went from 127.6 MB to 127.5 MB.
Total: 5.772800 ms (FindLiveObjects: 0.315600 ms CreateObjectMapping: 0.236600 ms MarkObjects: 5.072400 ms  DeleteObjects: 0.146800 ms)

AssetImportParameters requested are different than current active one (requested -> active):
  custom:video-decoder-ogg-theora: a1e56fd34408186e4bbccfd4996cb3dc -> 
  custom:container-muxer-webm: aa71ff27fc2769a1b78a27578f13a17b -> 
  custom:container-demuxer-webm: 4f35f7cbe854078d1ac9338744f61a02 -> 
  custom:video-encoder-webm-vp8: eb34c28f22e8b96e1ab97ce403110664 -> 
  custom:video-codec-MediaFoundation-h265: 746d11721c4dcdbdad8f713fa42b33f4 -> 
  custom:audio-encoder-webm-vorbis: bf7c407c2cedff20999df2af8eb42d56 -> 
  custom:framework-win-MediaFoundation: 216162199b28c13a410421893ffa2e32 -> 
  custom:container-demuxer-ogg: 62fdf1f143b41e24485cea50d1cbac27 -> 
  custom:video-decoder-webm-vp8: 9c59270c3fd7afecdb556c50c9e8de78 -> 
  custom:audio-decoder-ogg-vorbis: bf7c407c2cedff20999df2af8eb42d56 -> 
========================================================================
Received Import Request.
  Time since last request: 780304.666946 seconds.
  path: Assets/Handpainted_Grass_and_Ground_Textures/Demo/terrain_layers/dirt_corrupted_lighted_down.terrainlayer
  artifactKey: Guid(3d4206861a951f648b37ee22d964bf26) Importer(815301076,1909f56bfc062723c751e8b465ee728b)
Start importing Assets/Handpainted_Grass_and_Ground_Textures/Demo/terrain_layers/dirt_corrupted_lighted_down.terrainlayer using Guid(3d4206861a951f648b37ee22d964bf26) Importer(815301076,1909f56bfc062723c751e8b465ee728b)  -> (artifact id: '1c0218d5beee9d3fa525fce1f0f6d035') in 0.106281 seconds 
========================================================================
Received Import Request.
  Time since last request: 0.000022 seconds.
  path: Assets/Handpainted_Grass_and_Ground_Textures/Demo/terrain_layers/dirt_desatured_right.terrainlayer
  artifactKey: Guid(81ae3aa24351ac3468c21be8f174a9ea) Importer(815301076,1909f56bfc062723c751e8b465ee728b)
Start importing Assets/Handpainted_Grass_and_Ground_Textures/Demo/terrain_layers/dirt_desatured_right.terrainlayer using Guid(81ae3aa24351ac3468c21be8f174a9ea) Importer(815301076,1909f56bfc062723c751e8b465ee728b)  -> (artifact id: '012ad75b90c98c532819e98b7506ba10') in 0.014424 seconds 
========================================================================
Received Import Request.
  Time since last request: 0.152827 seconds.
  path: Assets/Handpainted_Grass_and_Ground_Textures/Demo/terrain_layers/Grass_bluetint_left.terrainlayer
  artifactKey: Guid(4f578fafc038b3e47889d8591aeabb7a) Importer(815301076,1909f56bfc062723c751e8b465ee728b)
Start importing Assets/Handpainted_Grass_and_Ground_Textures/Demo/terrain_layers/Grass_bluetint_left.terrainlayer using Guid(4f578fafc038b3e47889d8591aeabb7a) Importer(815301076,1909f56bfc062723c751e8b465ee728b)  -> (artifact id: '47c52683748a4a24cff0cd5f3bf848fa') in 0.012410 seconds 
========================================================================
Received Import Request.
  Time since last request: 0.000020 seconds.
  path: Assets/Handpainted_Grass_and_Ground_Textures/Demo/terrain_layers/Grass_darked_left.terrainlayer
  artifactKey: Guid(13710ded8a4abf1429f52beb35020a8e) Importer(815301076,1909f56bfc062723c751e8b465ee728b)
Start importing Assets/Handpainted_Grass_and_Ground_Textures/Demo/terrain_layers/Grass_darked_left.terrainlayer using Guid(13710ded8a4abf1429f52beb35020a8e) Importer(815301076,1909f56bfc062723c751e8b465ee728b)  -> (artifact id: '24a7d0929e6d6bc15ebf2774c8b6f9b7') in 0.012773 seconds 
========================================================================
Received Import Request.
  Time since last request: 0.000020 seconds.
  path: Assets/Handpainted_Grass_and_Ground_Textures/Demo/terrain_layers/Grass_corrupted_right.terrainlayer
  artifactKey: Guid(5a8233d884b35ae4581f8f254c1995be) Importer(815301076,1909f56bfc062723c751e8b465ee728b)
Start importing Assets/Handpainted_Grass_and_Ground_Textures/Demo/terrain_layers/Grass_corrupted_right.terrainlayer using Guid(5a8233d884b35ae4581f8f254c1995be) Importer(815301076,1909f56bfc062723c751e8b465ee728b)  -> (artifact id: 'b21f47f7080ef3441176f73702325e72') in 0.014826 seconds 
========================================================================
Received Import Request.
  Time since last request: 3.067051 seconds.
  path: Assets/Handpainted_Grass_and_Ground_Textures/Demo/terrain_layers/Grass_darked_right.terrainlayer
  artifactKey: Guid(1b91aa2ac8fa2b04b972e4af2dfa295b) Importer(815301076,1909f56bfc062723c751e8b465ee728b)
Start importing Assets/Handpainted_Grass_and_Ground_Textures/Demo/terrain_layers/Grass_darked_right.terrainlayer using Guid(1b91aa2ac8fa2b04b972e4af2dfa295b) Importer(815301076,1909f56bfc062723c751e8b465ee728b)  -> (artifact id: '85914d8ce738a993eb6756c6d2a822bb') in 0.012159 seconds 
========================================================================
Received Import Request.
  Time since last request: 3.681107 seconds.
  path: Assets/Handpainted_Grass_and_Ground_Textures/Textures/Grass/Grass_bluetint/Grass_bluetint_up.png
  artifactKey: Guid(87faeff29765dd54d93f5ba0cdabfa58) Importer(815301076,1909f56bfc062723c751e8b465ee728b)
Start importing Assets/Handpainted_Grass_and_Ground_Textures/Textures/Grass/Grass_bluetint/Grass_bluetint_up.png using Guid(87faeff29765dd54d93f5ba0cdabfa58) Importer(815301076,1909f56bfc062723c751e8b465ee728b)  -> (artifact id: '5d877c844f694875089200c3fd878606') in 0.391468 seconds 
========================================================================
Received Import Request.
  Time since last request: 36.330776 seconds.
  path: Assets/Handpainted_Grass_and_Ground_Textures/Textures
  artifactKey: Guid(547dc1e76fb957e40b1d76175f4d934c) Importer(815301076,1909f56bfc062723c751e8b465ee728b)
Start importing Assets/Handpainted_Grass_and_Ground_Textures/Textures using Guid(547dc1e76fb957e40b1d76175f4d934c) Importer(815301076,1909f56bfc062723c751e8b465ee728b)  -> (artifact id: '136fea33d76f6e449842166939b2060c') in 0.005635 seconds 
========================================================================
Received Import Request.
  Time since last request: 1.643763 seconds.
  path: Assets/Handpainted_Grass_and_Ground_Textures/Textures/Grass
  artifactKey: Guid(81aa5b08aeb420f4ba9e6a77812b8384) Importer(815301076,1909f56bfc062723c751e8b465ee728b)
Start importing Assets/Handpainted_Grass_and_Ground_Textures/Textures/Grass using Guid(81aa5b08aeb420f4ba9e6a77812b8384) Importer(815301076,1909f56bfc062723c751e8b465ee728b)  -> (artifact id: 'b2f9fdc0cd274ef5a9779fdee5dbdff5') in 0.006317 seconds 
========================================================================
Received Import Request.
  Time since last request: 4.408406 seconds.
  path: Assets/Handpainted_Grass_and_Ground_Textures/Textures/Grass/Grass_corrupted
  artifactKey: Guid(7d71c3aa70a670e4b9f752dc6c058f56) Importer(815301076,1909f56bfc062723c751e8b465ee728b)
Start importing Assets/Handpainted_Grass_and_Ground_Textures/Textures/Grass/Grass_corrupted using Guid(7d71c3aa70a670e4b9f752dc6c058f56) Importer(815301076,1909f56bfc062723c751e8b465ee728b)  -> (artifact id: 'e7ae62327de486d23e3e3fbbc8a49751') in 0.005885 seconds 
========================================================================
Received Import Request.
  Time since last request: 19.950845 seconds.
  path: Assets/Handpainted_Grass_and_Ground_Textures/Textures/Grass/Grass_corrupted/Grass_corrupted_down.png
  artifactKey: Guid(3d2d1e0a5d613ec41bd2b90a7d0ecec6) Importer(815301076,1909f56bfc062723c751e8b465ee728b)
Start importing Assets/Handpainted_Grass_and_Ground_Textures/Textures/Grass/Grass_corrupted/Grass_corrupted_down.png using Guid(3d2d1e0a5d613ec41bd2b90a7d0ecec6) Importer(815301076,1909f56bfc062723c751e8b465ee728b)  -> (artifact id: 'bde7c5d02dac4207fff327659c37e951') in 0.014085 seconds 
========================================================================
Received Import Request.
  Time since last request: 0.000020 seconds.
  path: Assets/Handpainted_Grass_and_Ground_Textures/Textures/Grass/Grass_corrupted/Grass_corrupted_right.png
  artifactKey: Guid(1751e30d5bcaf6e48853598b21d34826) Importer(815301076,1909f56bfc062723c751e8b465ee728b)
Start importing Assets/Handpainted_Grass_and_Ground_Textures/Textures/Grass/Grass_corrupted/Grass_corrupted_right.png using Guid(1751e30d5bcaf6e48853598b21d34826) Importer(815301076,1909f56bfc062723c751e8b465ee728b)  -> (artifact id: '4ca11c6f7e9ac2ff34cd9fe99fbd576a') in 0.012877 seconds 
========================================================================
Received Import Request.
  Time since last request: 5.803728 seconds.
  path: Assets/Handpainted_Grass_and_Ground_Textures/Textures/Grass/Grass_darked
  artifactKey: Guid(8b50b5524d6fd0244b1dc042957e48ba) Importer(815301076,1909f56bfc062723c751e8b465ee728b)
Start importing Assets/Handpainted_Grass_and_Ground_Textures/Textures/Grass/Grass_darked using Guid(8b50b5524d6fd0244b1dc042957e48ba) Importer(815301076,1909f56bfc062723c751e8b465ee728b)  -> (artifact id: '48f7c70a54789150dffb46e63a4e8191') in 0.007101 seconds 
========================================================================
Received Import Request.
  Time since last request: 0.069282 seconds.
  path: Assets/Handpainted_Grass_and_Ground_Textures/Textures/Grass/Grass_darked/Grass_darked_down.png
  artifactKey: Guid(9234305f12ded3442b911c3ff978d340) Importer(815301076,1909f56bfc062723c751e8b465ee728b)
Start importing Assets/Handpainted_Grass_and_Ground_Textures/Textures/Grass/Grass_darked/Grass_darked_down.png using Guid(9234305f12ded3442b911c3ff978d340) Importer(815301076,1909f56bfc062723c751e8b465ee728b)  -> (artifact id: '57b2f4e505927a905eddd0efb7f5c535') in 0.012637 seconds 
========================================================================
Received Import Request.
  Time since last request: 0.010171 seconds.
  path: Assets/Handpainted_Grass_and_Ground_Textures/Textures/Grass/Grass_darked/Grass_darked_right.png
  artifactKey: Guid(ec7bab56bfdc3d147b9e1fda8c12082d) Importer(815301076,1909f56bfc062723c751e8b465ee728b)
Start importing Assets/Handpainted_Grass_and_Ground_Textures/Textures/Grass/Grass_darked/Grass_darked_right.png using Guid(ec7bab56bfdc3d147b9e1fda8c12082d) Importer(815301076,1909f56bfc062723c751e8b465ee728b)  -> (artifact id: '31eaafe39aa1165c07d06d05c2546835') in 0.017529 seconds 
========================================================================
Received Import Request.
  Time since last request: 5.639533 seconds.
  path: Assets/Handpainted_Grass_and_Ground_Textures/Textures/Grass/Grass_desatured
  artifactKey: Guid(3876d909f1995044694d2bc72b024add) Importer(815301076,1909f56bfc062723c751e8b465ee728b)
Start importing Assets/Handpainted_Grass_and_Ground_Textures/Textures/Grass/Grass_desatured using Guid(3876d909f1995044694d2bc72b024add) Importer(815301076,1909f56bfc062723c751e8b465ee728b)  -> (artifact id: 'fc640b5eae1c6cb7dce103f17e31db23') in 0.008034 seconds 
========================================================================
Received Import Request.
  Time since last request: 0.163644 seconds.
  path: Assets/Handpainted_Grass_and_Ground_Textures/Textures/Grass/Grass_desatured/Grass_desatured_down.png
  artifactKey: Guid(bf2b3b343fdc3044fa9aae22230ac40b) Importer(815301076,1909f56bfc062723c751e8b465ee728b)
Start importing Assets/Handpainted_Grass_and_Ground_Textures/Textures/Grass/Grass_desatured/Grass_desatured_down.png using Guid(bf2b3b343fdc3044fa9aae22230ac40b) Importer(815301076,1909f56bfc062723c751e8b465ee728b)  -> (artifact id: '3004e98d5a7670c83a7504e91c7f577d') in 0.039293 seconds 
========================================================================
Received Import Request.
  Time since last request: 0.000029 seconds.
  path: Assets/Handpainted_Grass_and_Ground_Textures/Textures/Grass/Grass_desatured/Grass_desatured_up.png
  artifactKey: Guid(08fd9bc0030381b4f832659a4622fcbc) Importer(815301076,1909f56bfc062723c751e8b465ee728b)
Start importing Assets/Handpainted_Grass_and_Ground_Textures/Textures/Grass/Grass_desatured/Grass_desatured_up.png using Guid(08fd9bc0030381b4f832659a4622fcbc) Importer(815301076,1909f56bfc062723c751e8b465ee728b)  -> (artifact id: '0fdbd3e8f61ca4cd15fe916a8e250410') in 0.021193 seconds 
========================================================================
Received Import Request.
  Time since last request: 3.679114 seconds.
  path: Assets/Handpainted_Grass_and_Ground_Textures/Textures/Grass/Grass_lighted
  artifactKey: Guid(d936f86bde2d5f34196930bff055a08c) Importer(815301076,1909f56bfc062723c751e8b465ee728b)
Start importing Assets/Handpainted_Grass_and_Ground_Textures/Textures/Grass/Grass_lighted using Guid(d936f86bde2d5f34196930bff055a08c) Importer(815301076,1909f56bfc062723c751e8b465ee728b)  -> (artifact id: '7460c1c5b8751e712c326ecf8458cdfc') in 0.008354 seconds 
========================================================================
Received Import Request.
  Time since last request: 34.099091 seconds.
  path: Assets/Terrain.asset
  artifactKey: Guid(defd27aa6e12711478bd36ea881f1552) Importer(815301076,1909f56bfc062723c751e8b465ee728b)
Start importing Assets/Terrain.asset using Guid(defd27aa6e12711478bd36ea881f1552) Importer(815301076,1909f56bfc062723c751e8b465ee728b)  -> (artifact id: '2ea517262d7ac467456d210806cea3fe') in 0.021330 seconds 
========================================================================
Received Prepare
Registering precompiled user dll's ...
Registered in 0.004595 seconds.
Begin MonoManager ReloadAssembly
Symbol file LoadedFromMemory doesn't match image D:\Games\PrototypeA\Library\PackageCache\com.unity.visualscripting@1.7.8\Editor\VisualScripting.Core\Dependencies\YamlDotNet\Unity.VisualScripting.YamlDotNet.dll
Symbol file LoadedFromMemory doesn't match image D:\Games\PrototypeA\Library\PackageCache\com.unity.visualscripting@1.7.8\Editor\VisualScripting.Core\Dependencies\DotNetZip\Unity.VisualScripting.IonicZip.dll
Native extension for WindowsStandalone target not found
Native extension for WebGL target not found
Refreshing native plugins compatible for Editor in 1.44 ms, found 3 plugins.
Preloading 0 native plugins for Editor in 0.00 ms.
Mono: successfully reloaded assembly
- Completed reload, in  1.698 seconds
Domain Reload Profiling:
	ReloadAssembly (1700ms)
		BeginReloadAssembly (184ms)
			ExecutionOrderSort (0ms)
			DisableScriptedObjects (7ms)
			BackupInstance (0ms)
			ReleaseScriptingObjects (0ms)
			CreateAndSetChildDomain (54ms)
		EndReloadAssembly (1377ms)
			LoadAssemblies (116ms)
			RebuildTransferFunctionScriptingTraits (0ms)
			SetupTypeCache (470ms)
			ReleaseScriptCaches (1ms)
			RebuildScriptCaches (80ms)
			SetupLoadedEditorAssemblies (608ms)
				LogAssemblyErrors (0ms)
				InitializePlatformSupportModulesInManaged (26ms)
				SetLoadedEditorAssemblies (2ms)
				RefreshPlugins (2ms)
				BeforeProcessingInitializeOnLoad (113ms)
				ProcessInitializeOnLoadAttributes (391ms)
				ProcessInitializeOnLoadMethodAttributes (62ms)
				AfterProcessingInitializeOnLoad (13ms)
				EditorAssembliesLoaded (0ms)
			ExecutionOrderSort2 (0ms)
			AwakeInstancesAfterBackupRestoration (11ms)
Platform modules already initialized, skipping
Refreshing native plugins compatible for Editor in 2.44 ms, found 3 plugins.
Preloading 0 native plugins for Editor in 0.00 ms.
Unloading 3346 Unused Serialized files (Serialized files now loaded: 0)
Unloading 20 unused Assets / (80.5 KB). Loaded Objects now: 3834.
Memory consumption went from 131.8 MB to 131.7 MB.
Total: 3.914300 ms (FindLiveObjects: 0.301500 ms CreateObjectMapping: 0.183500 ms MarkObjects: 3.095400 ms  DeleteObjects: 0.332000 ms)

AssetImportParameters requested are different than current active one (requested -> active):
  custom:video-decoder-ogg-theora: a1e56fd34408186e4bbccfd4996cb3dc -> 
  custom:container-muxer-webm: aa71ff27fc2769a1b78a27578f13a17b -> 
  custom:container-demuxer-webm: 4f35f7cbe854078d1ac9338744f61a02 -> 
  custom:video-encoder-webm-vp8: eb34c28f22e8b96e1ab97ce403110664 -> 
  custom:video-codec-MediaFoundation-h265: 746d11721c4dcdbdad8f713fa42b33f4 -> 
  custom:audio-encoder-webm-vorbis: bf7c407c2cedff20999df2af8eb42d56 -> 
  custom:framework-win-MediaFoundation: 216162199b28c13a410421893ffa2e32 -> 
  custom:container-demuxer-ogg: 62fdf1f143b41e24485cea50d1cbac27 -> 
  custom:video-decoder-webm-vp8: 9c59270c3fd7afecdb556c50c9e8de78 -> 
  custom:audio-decoder-ogg-vorbis: bf7c407c2cedff20999df2af8eb42d56 -> 
========================================================================
Received Prepare
Registering precompiled user dll's ...
Registered in 0.005158 seconds.
Begin MonoManager ReloadAssembly
Symbol file LoadedFromMemory doesn't match image D:\Games\PrototypeA\Library\PackageCache\com.unity.visualscripting@1.7.8\Editor\VisualScripting.Core\Dependencies\YamlDotNet\Unity.VisualScripting.YamlDotNet.dll
Symbol file LoadedFromMemory doesn't match image D:\Games\PrototypeA\Library\PackageCache\com.unity.visualscripting@1.7.8\Editor\VisualScripting.Core\Dependencies\DotNetZip\Unity.VisualScripting.IonicZip.dll
Native extension for WindowsStandalone target not found
Native extension for WebGL target not found
Refreshing native plugins compatible for Editor in 0.85 ms, found 3 plugins.
Preloading 0 native plugins for Editor in 0.00 ms.
Mono: successfully reloaded assembly
- Completed reload, in  2.124 seconds
Domain Reload Profiling:
	ReloadAssembly (2125ms)
		BeginReloadAssembly (183ms)
			ExecutionOrderSort (0ms)
			DisableScriptedObjects (10ms)
			BackupInstance (0ms)
			ReleaseScriptingObjects (0ms)
			CreateAndSetChildDomain (48ms)
		EndReloadAssembly (1794ms)
			LoadAssemblies (117ms)
			RebuildTransferFunctionScriptingTraits (0ms)
			SetupTypeCache (457ms)
			ReleaseScriptCaches (3ms)
			RebuildScriptCaches (116ms)
			SetupLoadedEditorAssemblies (901ms)
				LogAssemblyErrors (0ms)
				InitializePlatformSupportModulesInManaged (33ms)
				SetLoadedEditorAssemblies (1ms)
				RefreshPlugins (1ms)
				BeforeProcessingInitializeOnLoad (189ms)
				ProcessInitializeOnLoadAttributes (588ms)
				ProcessInitializeOnLoadMethodAttributes (77ms)
				AfterProcessingInitializeOnLoad (12ms)
				EditorAssembliesLoaded (0ms)
			ExecutionOrderSort2 (0ms)
			AwakeInstancesAfterBackupRestoration (18ms)
Platform modules already initialized, skipping
Refreshing native plugins compatible for Editor in 2.27 ms, found 3 plugins.
Preloading 0 native plugins for Editor in 0.00 ms.
Unloading 3346 Unused Serialized files (Serialized files now loaded: 0)
Unloading 20 unused Assets / (80.3 KB). Loaded Objects now: 3837.
Memory consumption went from 131.8 MB to 131.7 MB.
Total: 6.340300 ms (FindLiveObjects: 0.423100 ms CreateObjectMapping: 0.311300 ms MarkObjects: 5.409400 ms  DeleteObjects: 0.193800 ms)

AssetImportParameters requested are different than current active one (requested -> active):
  custom:video-decoder-ogg-theora: a1e56fd34408186e4bbccfd4996cb3dc -> 
  custom:container-muxer-webm: aa71ff27fc2769a1b78a27578f13a17b -> 
  custom:container-demuxer-webm: 4f35f7cbe854078d1ac9338744f61a02 -> 
  custom:video-encoder-webm-vp8: eb34c28f22e8b96e1ab97ce403110664 -> 
  custom:video-codec-MediaFoundation-h265: 746d11721c4dcdbdad8f713fa42b33f4 -> 
  custom:audio-encoder-webm-vorbis: bf7c407c2cedff20999df2af8eb42d56 -> 
  custom:framework-win-MediaFoundation: 216162199b28c13a410421893ffa2e32 -> 
  custom:container-demuxer-ogg: 62fdf1f143b41e24485cea50d1cbac27 -> 
  custom:video-decoder-webm-vp8: 9c59270c3fd7afecdb556c50c9e8de78 -> 
  custom:audio-decoder-ogg-vorbis: bf7c407c2cedff20999df2af8eb42d56 -> 
========================================================================
Received Prepare
Registering precompiled user dll's ...
Registered in 0.004876 seconds.
Begin MonoManager ReloadAssembly
Symbol file LoadedFromMemory doesn't match image D:\Games\PrototypeA\Library\PackageCache\com.unity.visualscripting@1.7.8\Editor\VisualScripting.Core\Dependencies\YamlDotNet\Unity.VisualScripting.YamlDotNet.dll
Symbol file LoadedFromMemory doesn't match image D:\Games\PrototypeA\Library\PackageCache\com.unity.visualscripting@1.7.8\Editor\VisualScripting.Core\Dependencies\DotNetZip\Unity.VisualScripting.IonicZip.dll
Native extension for WindowsStandalone target not found
Native extension for WebGL target not found
Refreshing native plugins compatible for Editor in 0.75 ms, found 3 plugins.
Preloading 0 native plugins for Editor in 0.00 ms.
Mono: successfully reloaded assembly
- Completed reload, in  1.800 seconds
Domain Reload Profiling:
	ReloadAssembly (1802ms)
		BeginReloadAssembly (273ms)
			ExecutionOrderSort (0ms)
			DisableScriptedObjects (7ms)
			BackupInstance (0ms)
			ReleaseScriptingObjects (0ms)
			CreateAndSetChildDomain (63ms)
		EndReloadAssembly (1373ms)
			LoadAssemblies (192ms)
			RebuildTransferFunctionScriptingTraits (0ms)
			SetupTypeCache (467ms)
			ReleaseScriptCaches (1ms)
			RebuildScriptCaches (82ms)
			SetupLoadedEditorAssemblies (621ms)
				LogAssemblyErrors (0ms)
				InitializePlatformSupportModulesInManaged (27ms)
				SetLoadedEditorAssemblies (1ms)
				RefreshPlugins (1ms)
				BeforeProcessingInitializeOnLoad (108ms)
				ProcessInitializeOnLoadAttributes (412ms)
				ProcessInitializeOnLoadMethodAttributes (61ms)
				AfterProcessingInitializeOnLoad (11ms)
				EditorAssembliesLoaded (0ms)
			ExecutionOrderSort2 (0ms)
			AwakeInstancesAfterBackupRestoration (12ms)
Platform modules already initialized, skipping
Refreshing native plugins compatible for Editor in 4.04 ms, found 3 plugins.
Preloading 0 native plugins for Editor in 0.00 ms.
Unloading 3346 Unused Serialized files (Serialized files now loaded: 0)
Unloading 20 unused Assets / (80.3 KB). Loaded Objects now: 3840.
Memory consumption went from 131.8 MB to 131.7 MB.
Total: 5.410800 ms (FindLiveObjects: 0.340700 ms CreateObjectMapping: 0.293100 ms MarkObjects: 4.630400 ms  DeleteObjects: 0.144500 ms)

AssetImportParameters requested are different than current active one (requested -> active):
  custom:video-decoder-ogg-theora: a1e56fd34408186e4bbccfd4996cb3dc -> 
  custom:container-muxer-webm: aa71ff27fc2769a1b78a27578f13a17b -> 
  custom:container-demuxer-webm: 4f35f7cbe854078d1ac9338744f61a02 -> 
  custom:video-encoder-webm-vp8: eb34c28f22e8b96e1ab97ce403110664 -> 
  custom:video-codec-MediaFoundation-h265: 746d11721c4dcdbdad8f713fa42b33f4 -> 
  custom:audio-encoder-webm-vorbis: bf7c407c2cedff20999df2af8eb42d56 -> 
  custom:framework-win-MediaFoundation: 216162199b28c13a410421893ffa2e32 -> 
  custom:container-demuxer-ogg: 62fdf1f143b41e24485cea50d1cbac27 -> 
  custom:video-decoder-webm-vp8: 9c59270c3fd7afecdb556c50c9e8de78 -> 
  custom:audio-decoder-ogg-vorbis: bf7c407c2cedff20999df2af8eb42d56 -> 
